<?xml version="1.0" encoding="UTF-8"?>
<testsuite xmlns:xsi="http://www.w3.org/2001/XMLSchema-instance" xsi:noNamespaceSchemaLocation="https://maven.apache.org/surefire/maven-surefire-plugin/xsd/surefire-test-report.xsd" name="com.lambda.LambdaTest.AppTest" time="0.041" tests="1" errors="0" skipped="0" failures="0">
  <properties>
    <property name="java.specification.version" value="17"/>
    <property name="sun.cpu.isalist" value="amd64"/>
    <property name="sun.jnu.encoding" value="Cp1252"/>
    <property name="java.class.path" value="C:\blazeclan\Spring\LambdaTest\target\test-classes;C:\blazeclan\Spring\LambdaTest\target\classes;C:\Users\palkesh.goyal\.m2\repository\junit\junit\4.11\junit-4.11.jar;C:\Users\palkesh.goyal\.m2\repository\org\hamcrest\hamcrest-core\1.3\hamcrest-core-1.3.jar;C:\Users\palkesh.goyal\.m2\repository\com\amazonaws\aws-lambda-java-core\1.2.1\aws-lambda-java-core-1.2.1.jar;C:\Users\palkesh.goyal\.m2\repository\com\amazonaws\aws-lambda-java-events\3.11.0\aws-lambda-java-events-3.11.0.jar;C:\Users\palkesh.goyal\.m2\repository\joda-time\joda-time\2.6\joda-time-2.6.jar;C:\Users\palkesh.goyal\.m2\repository\org\apache\maven\plugins\maven-shade-plugin\3.2.2\maven-shade-plugin-3.2.2.jar;C:\Users\palkesh.goyal\.m2\repository\org\apache\maven\maven-plugin-api\3.0\maven-plugin-api-3.0.jar;C:\Users\palkesh.goyal\.m2\repository\org\sonatype\sisu\sisu-inject-plexus\1.4.2\sisu-inject-plexus-1.4.2.jar;C:\Users\palkesh.goyal\.m2\repository\org\sonatype\sisu\sisu-inject-bean\1.4.2\sisu-inject-bean-1.4.2.jar;C:\Users\palkesh.goyal\.m2\repository\org\sonatype\sisu\sisu-guice\2.1.7\sisu-guice-2.1.7-noaop.jar;C:\Users\palkesh.goyal\.m2\repository\org\apache\maven\maven-model\3.0\maven-model-3.0.jar;C:\Users\palkesh.goyal\.m2\repository\org\apache\maven\maven-core\3.0\maven-core-3.0.jar;C:\Users\palkesh.goyal\.m2\repository\org\apache\maven\maven-settings\3.0\maven-settings-3.0.jar;C:\Users\palkesh.goyal\.m2\repository\org\apache\maven\maven-settings-builder\3.0\maven-settings-builder-3.0.jar;C:\Users\palkesh.goyal\.m2\repository\org\apache\maven\maven-repository-metadata\3.0\maven-repository-metadata-3.0.jar;C:\Users\palkesh.goyal\.m2\repository\org\apache\maven\maven-model-builder\3.0\maven-model-builder-3.0.jar;C:\Users\palkesh.goyal\.m2\repository\org\apache\maven\maven-aether-provider\3.0\maven-aether-provider-3.0.jar;C:\Users\palkesh.goyal\.m2\repository\org\sonatype\aether\aether-impl\1.7\aether-impl-1.7.jar;C:\Users\palkesh.goyal\.m2\repository\org\sonatype\aether\aether-spi\1.7\aether-spi-1.7.jar;C:\Users\palkesh.goyal\.m2\repository\org\sonatype\aether\aether-api\1.7\aether-api-1.7.jar;C:\Users\palkesh.goyal\.m2\repository\org\sonatype\aether\aether-util\1.7\aether-util-1.7.jar;C:\Users\palkesh.goyal\.m2\repository\org\codehaus\plexus\plexus-interpolation\1.14\plexus-interpolation-1.14.jar;C:\Users\palkesh.goyal\.m2\repository\org\codehaus\plexus\plexus-classworlds\2.2.3\plexus-classworlds-2.2.3.jar;C:\Users\palkesh.goyal\.m2\repository\org\codehaus\plexus\plexus-component-annotations\1.5.5\plexus-component-annotations-1.5.5.jar;C:\Users\palkesh.goyal\.m2\repository\org\sonatype\plexus\plexus-sec-dispatcher\1.3\plexus-sec-dispatcher-1.3.jar;C:\Users\palkesh.goyal\.m2\repository\org\sonatype\plexus\plexus-cipher\1.4\plexus-cipher-1.4.jar;C:\Users\palkesh.goyal\.m2\repository\org\apache\maven\maven-artifact\3.0\maven-artifact-3.0.jar;C:\Users\palkesh.goyal\.m2\repository\org\codehaus\plexus\plexus-utils\3.3.0\plexus-utils-3.3.0.jar;C:\Users\palkesh.goyal\.m2\repository\org\apache\maven\shared\maven-artifact-transfer\0.12.0\maven-artifact-transfer-0.12.0.jar;C:\Users\palkesh.goyal\.m2\repository\org\apache\maven\shared\maven-common-artifact-filters\3.0.1\maven-common-artifact-filters-3.0.1.jar;C:\Users\palkesh.goyal\.m2\repository\org\apache\maven\shared\maven-shared-utils\3.1.0\maven-shared-utils-3.1.0.jar;C:\Users\palkesh.goyal\.m2\repository\commons-codec\commons-codec\1.11\commons-codec-1.11.jar;C:\Users\palkesh.goyal\.m2\repository\org\slf4j\slf4j-api\1.7.5\slf4j-api-1.7.5.jar;C:\Users\palkesh.goyal\.m2\repository\org\ow2\asm\asm\7.3.1\asm-7.3.1.jar;C:\Users\palkesh.goyal\.m2\repository\org\ow2\asm\asm-commons\7.3.1\asm-commons-7.3.1.jar;C:\Users\palkesh.goyal\.m2\repository\org\ow2\asm\asm-tree\7.3.1\asm-tree-7.3.1.jar;C:\Users\palkesh.goyal\.m2\repository\org\ow2\asm\asm-analysis\7.3.1\asm-analysis-7.3.1.jar;C:\Users\palkesh.goyal\.m2\repository\org\jdom\jdom2\2.0.6\jdom2-2.0.6.jar;C:\Users\palkesh.goyal\.m2\repository\org\apache\maven\shared\maven-dependency-tree\3.0.1\maven-dependency-tree-3.0.1.jar;C:\Users\palkesh.goyal\.m2\repository\org\eclipse\aether\aether-util\0.9.0.M2\aether-util-0.9.0.M2.jar;C:\Users\palkesh.goyal\.m2\repository\commons-io\commons-io\2.5\commons-io-2.5.jar;C:\Users\palkesh.goyal\.m2\repository\org\vafer\jdependency\2.3.0\jdependency-2.3.0.jar;C:\Users\palkesh.goyal\.m2\repository\org\ow2\asm\asm-util\7.2-beta\asm-util-7.2-beta.jar;C:\Users\palkesh.goyal\.m2\repository\com\google\guava\guava\19.0\guava-19.0.jar;"/>
    <property name="java.vm.vendor" value="Eclipse Adoptium"/>
    <property name="sun.arch.data.model" value="64"/>
    <property name="user.variant" value=""/>
    <property name="java.vendor.url" value="https://adoptium.net/"/>
    <property name="user.timezone" value="Asia/Calcutta"/>
    <property name="os.name" value="Windows 10"/>
    <property name="java.vm.specification.version" value="17"/>
    <property name="sun.java.launcher" value="SUN_STANDARD"/>
    <property name="user.country" value="IN"/>
    <property name="sun.boot.library.path" value="D:\STS\spring-tool-suite-4-4.12.1.RELEASE-e4.21.0-win32.win32.x86_64.self-extracting\sts-4.12.1.RELEASE\plugins\org.eclipse.justj.openjdk.hotspot.jre.full.win32.x86_64_17.0.0.v20211012-1059\jre\bin"/>
    <property name="sun.java.command" value="C:\Users\PALKES~1.GOY\AppData\Local\Temp\surefire17507335903472200388\surefirebooter13251050464970511953.jar C:\Users\palkesh.goyal\AppData\Local\Temp\surefire17507335903472200388 2021-12-22T14-48-55_637-jvmRun1 surefire10415217296995118888tmp surefire_0283372564756432796tmp"/>
    <property name="jdk.debug" value="release"/>
    <property name="surefire.test.class.path" value="C:\blazeclan\Spring\LambdaTest\target\test-classes;C:\blazeclan\Spring\LambdaTest\target\classes;C:\Users\palkesh.goyal\.m2\repository\junit\junit\4.11\junit-4.11.jar;C:\Users\palkesh.goyal\.m2\repository\org\hamcrest\hamcrest-core\1.3\hamcrest-core-1.3.jar;C:\Users\palkesh.goyal\.m2\repository\com\amazonaws\aws-lambda-java-core\1.2.1\aws-lambda-java-core-1.2.1.jar;C:\Users\palkesh.goyal\.m2\repository\com\amazonaws\aws-lambda-java-events\3.11.0\aws-lambda-java-events-3.11.0.jar;C:\Users\palkesh.goyal\.m2\repository\joda-time\joda-time\2.6\joda-time-2.6.jar;C:\Users\palkesh.goyal\.m2\repository\org\apache\maven\plugins\maven-shade-plugin\3.2.2\maven-shade-plugin-3.2.2.jar;C:\Users\palkesh.goyal\.m2\repository\org\apache\maven\maven-plugin-api\3.0\maven-plugin-api-3.0.jar;C:\Users\palkesh.goyal\.m2\repository\org\sonatype\sisu\sisu-inject-plexus\1.4.2\sisu-inject-plexus-1.4.2.jar;C:\Users\palkesh.goyal\.m2\repository\org\sonatype\sisu\sisu-inject-bean\1.4.2\sisu-inject-bean-1.4.2.jar;C:\Users\palkesh.goyal\.m2\repository\org\sonatype\sisu\sisu-guice\2.1.7\sisu-guice-2.1.7-noaop.jar;C:\Users\palkesh.goyal\.m2\repository\org\apache\maven\maven-model\3.0\maven-model-3.0.jar;C:\Users\palkesh.goyal\.m2\repository\org\apache\maven\maven-core\3.0\maven-core-3.0.jar;C:\Users\palkesh.goyal\.m2\repository\org\apache\maven\maven-settings\3.0\maven-settings-3.0.jar;C:\Users\palkesh.goyal\.m2\repository\org\apache\maven\maven-settings-builder\3.0\maven-settings-builder-3.0.jar;C:\Users\palkesh.goyal\.m2\repository\org\apache\maven\maven-repository-metadata\3.0\maven-repository-metadata-3.0.jar;C:\Users\palkesh.goyal\.m2\repository\org\apache\maven\maven-model-builder\3.0\maven-model-builder-3.0.jar;C:\Users\palkesh.goyal\.m2\repository\org\apache\maven\maven-aether-provider\3.0\maven-aether-provider-3.0.jar;C:\Users\palkesh.goyal\.m2\repository\org\sonatype\aether\aether-impl\1.7\aether-impl-1.7.jar;C:\Users\palkesh.goyal\.m2\repository\org\sonatype\aether\aether-spi\1.7\aether-spi-1.7.jar;C:\Users\palkesh.goyal\.m2\repository\org\sonatype\aether\aether-api\1.7\aether-api-1.7.jar;C:\Users\palkesh.goyal\.m2\repository\org\sonatype\aether\aether-util\1.7\aether-util-1.7.jar;C:\Users\palkesh.goyal\.m2\repository\org\codehaus\plexus\plexus-interpolation\1.14\plexus-interpolation-1.14.jar;C:\Users\palkesh.goyal\.m2\repository\org\codehaus\plexus\plexus-classworlds\2.2.3\plexus-classworlds-2.2.3.jar;C:\Users\palkesh.goyal\.m2\repository\org\codehaus\plexus\plexus-component-annotations\1.5.5\plexus-component-annotations-1.5.5.jar;C:\Users\palkesh.goyal\.m2\repository\org\sonatype\plexus\plexus-sec-dispatcher\1.3\plexus-sec-dispatcher-1.3.jar;C:\Users\palkesh.goyal\.m2\repository\org\sonatype\plexus\plexus-cipher\1.4\plexus-cipher-1.4.jar;C:\Users\palkesh.goyal\.m2\repository\org\apache\maven\maven-artifact\3.0\maven-artifact-3.0.jar;C:\Users\palkesh.goyal\.m2\repository\org\codehaus\plexus\plexus-utils\3.3.0\plexus-utils-3.3.0.jar;C:\Users\palkesh.goyal\.m2\repository\org\apache\maven\shared\maven-artifact-transfer\0.12.0\maven-artifact-transfer-0.12.0.jar;C:\Users\palkesh.goyal\.m2\repository\org\apache\maven\shared\maven-common-artifact-filters\3.0.1\maven-common-artifact-filters-3.0.1.jar;C:\Users\palkesh.goyal\.m2\repository\org\apache\maven\shared\maven-shared-utils\3.1.0\maven-shared-utils-3.1.0.jar;C:\Users\palkesh.goyal\.m2\repository\commons-codec\commons-codec\1.11\commons-codec-1.11.jar;C:\Users\palkesh.goyal\.m2\repository\org\slf4j\slf4j-api\1.7.5\slf4j-api-1.7.5.jar;C:\Users\palkesh.goyal\.m2\repository\org\ow2\asm\asm\7.3.1\asm-7.3.1.jar;C:\Users\palkesh.goyal\.m2\repository\org\ow2\asm\asm-commons\7.3.1\asm-commons-7.3.1.jar;C:\Users\palkesh.goyal\.m2\repository\org\ow2\asm\asm-tree\7.3.1\asm-tree-7.3.1.jar;C:\Users\palkesh.goyal\.m2\repository\org\ow2\asm\asm-analysis\7.3.1\asm-analysis-7.3.1.jar;C:\Users\palkesh.goyal\.m2\repository\org\jdom\jdom2\2.0.6\jdom2-2.0.6.jar;C:\Users\palkesh.goyal\.m2\repository\org\apache\maven\shared\maven-dependency-tree\3.0.1\maven-dependency-tree-3.0.1.jar;C:\Users\palkesh.goyal\.m2\repository\org\eclipse\aether\aether-util\0.9.0.M2\aether-util-0.9.0.M2.jar;C:\Users\palkesh.goyal\.m2\repository\commons-io\commons-io\2.5\commons-io-2.5.jar;C:\Users\palkesh.goyal\.m2\repository\org\vafer\jdependency\2.3.0\jdependency-2.3.0.jar;C:\Users\palkesh.goyal\.m2\repository\org\ow2\asm\asm-util\7.2-beta\asm-util-7.2-beta.jar;C:\Users\palkesh.goyal\.m2\repository\com\google\guava\guava\19.0\guava-19.0.jar;"/>
    <property name="sun.cpu.endian" value="little"/>
    <property name="user.home" value="C:\Users\palkesh.goyal"/>
    <property name="user.language" value="en"/>
    <property name="java.specification.vendor" value="Oracle Corporation"/>
    <property name="java.version.date" value="2021-09-14"/>
    <property name="java.home" value="D:\STS\spring-tool-suite-4-4.12.1.RELEASE-e4.21.0-win32.win32.x86_64.self-extracting\sts-4.12.1.RELEASE\plugins\org.eclipse.justj.openjdk.hotspot.jre.full.win32.x86_64_17.0.0.v20211012-1059\jre"/>
    <property name="file.separator" value="\"/>
    <property name="style.color" value="always"/>
    <property name="basedir" value="C:\blazeclan\Spring\LambdaTest"/>
    <property name="java.vm.compressedOopsMode" value="32-bit"/>
    <property name="line.separator" value="&#10;"/>
    <property name="java.vm.specification.vendor" value="Oracle Corporation"/>
    <property name="java.specification.name" value="Java Platform API Specification"/>
    <property name="surefire.real.class.path" value="C:\Users\PALKES~1.GOY\AppData\Local\Temp\surefire17507335903472200388\surefirebooter13251050464970511953.jar"/>
    <property name="user.script" value=""/>
    <property name="sun.management.compiler" value="HotSpot 64-Bit Tiered Compilers"/>
    <property name="java.runtime.version" value="17+35"/>
    <property name="user.name" value="palkesh.goyal"/>
    <property name="path.separator" value=";"/>
    <property name="os.version" value="10.0"/>
    <property name="java.runtime.name" value="OpenJDK Runtime Environment"/>
    <property name="file.encoding" value="Cp1252"/>
    <property name="java.vm.name" value="OpenJDK 64-Bit Server VM"/>
    <property name="java.vendor.version" value="Temurin-17+35"/>
    <property name="localRepository" value="C:\Users\palkesh.goyal\.m2\repository"/>
    <property name="java.vendor.url.bug" value="https://github.com/adoptium/adoptium-support/issues"/>
    <property name="java.io.tmpdir" value="C:\Users\PALKES~1.GOY\AppData\Local\Temp\"/>
    <property name="java.version" value="17"/>
    <property name="user.dir" value="C:\blazeclan\Spring\LambdaTest"/>
    <property name="os.arch" value="amd64"/>
    <property name="java.vm.specification.name" value="Java Virtual Machine Specification"/>
    <property name="sun.os.patch.level" value=""/>
    <property name="native.encoding" value="Cp1252"/>
    <property name="java.library.path" value="D:\STS\spring-tool-suite-4-4.12.1.RELEASE-e4.21.0-win32.win32.x86_64.self-extracting\sts-4.12.1.RELEASE\plugins\org.eclipse.justj.openjdk.hotspot.jre.full.win32.x86_64_17.0.0.v20211012-1059\jre\bin;C:\Windows\Sun\Java\bin;C:\Windows\system32;C:\Windows;D:/STS/spring-tool-suite-4-4.12.1.RELEASE-e4.21.0-win32.win32.x86_64.self-extracting/sts-4.12.1.RELEASE//plugins/org.eclipse.justj.openjdk.hotspot.jre.full.win32.x86_64_17.0.0.v20211012-1059/jre/bin/server;D:/STS/spring-tool-suite-4-4.12.1.RELEASE-e4.21.0-win32.win32.x86_64.self-extracting/sts-4.12.1.RELEASE//plugins/org.eclipse.justj.openjdk.hotspot.jre.full.win32.x86_64_17.0.0.v20211012-1059/jre/bin;C:\Program Files\Eclipse Adoptium\jdk-17.0.1.12-hotspot\bin;C:\Program Files (x86)\Common Files\Oracle\Java\javapath;C:\Windows\system32;C:\Windows;C:\Windows\System32\Wbem;C:\Windows\System32\WindowsPowerShell\v1.0\;C:\Windows\System32\OpenSSH\;C:\Program Files\Intel\WiFi\bin\;C:\Program Files\Common Files\Intel\WirelessCommon\;C:\Program Files\Git\cmd;C:\Program Files\nodejs\;C:\ProgramData\chocolatey\bin;;C:\Program Files\Docker\Docker\resources\bin;C:\ProgramData\DockerDesktop\version-bin;C:\Program Files\MySQL\MySQL Shell 8.0\bin\;C:\Users\palkesh.goyal\AppData\Local\Programs\Python\Python39\Scripts\;C:\Users\palkesh.goyal\AppData\Local\Programs\Python\Python39\;C:\Users\palkesh.goyal\AppData\Local\Microsoft\WindowsApps;;C:\Users\palkesh.goyal\AppData\Local\Programs\Microsoft VS Code\bin;C:\Users\palkesh.goyal\AppData\Roaming\npm;D:\STS\spring-tool-suite-4-4.12.1.RELEASE-e4.21.0-win32.win32.x86_64.self-extracting\sts-4.12.1.RELEASE;;."/>
    <property name="java.vm.info" value="mixed mode"/>
    <property name="java.vendor" value="Eclipse Adoptium"/>
    <property name="java.vm.version" value="17+35"/>
    <property name="sun.io.unicode.encoding" value="UnicodeLittle"/>
    <property name="java.class.version" value="61.0"/>
  </properties>
  <testcase name="shouldAnswerWithTrue" classname="com.lambda.LambdaTest.AppTest" time="0.002"/>
</testsuite>